{"D:\\civic-pulse\\components\\SmartStepper.tsx": {"path":"D:\\civic-pulse\\components\\SmartStepper.tsx","statementMap":{"0":{"start":{"line":1,"column":0},"end":{"line":1,"column":null}},"1":{"start":{"line":12,"column":19},"end":{"line":12,"column":null}},"2":{"start":{"line":13,"column":19},"end":{"line":13,"column":null}},"3":{"start":{"line":16,"column":39},"end":{"line":16,"column":68}},"4":{"start":{"line":18,"column":8},"end":{"line":20,"column":null}},"5":{"start":{"line":19,"column":4},"end":{"line":19,"column":null}},"6":{"start":{"line":19,"column":22},"end":{"line":19,"column":null}},"7":{"start":{"line":20,"column":4},"end":{"line":20,"column":null}},"8":{"start":{"line":23,"column":2},"end":{"line":109,"column":null}},"9":{"start":{"line":32,"column":23},"end":{"line":32,"column":null}},"10":{"start":{"line":33,"column":30},"end":{"line":33,"column":62}},"11":{"start":{"line":34,"column":27},"end":{"line":34,"column":null}},"12":{"start":{"line":35,"column":27},"end":{"line":35,"column":46}},"13":{"start":{"line":37,"column":10},"end":{"line":106,"column":null}}},"fnMap":{"0":{"name":"SmartStepper","decl":{"start":{"line":15,"column":16},"end":{"line":15,"column":31}},"loc":{"start":{"line":15,"column":31},"end":{"line":109,"column":null}},"line":15},"1":{"name":"(anonymous_1)","decl":{"start":{"line":18,"column":8},"end":{"line":18,"column":22}},"loc":{"start":{"line":18,"column":50},"end":{"line":20,"column":null}},"line":18},"2":{"name":"(anonymous_2)","decl":{"start":{"line":31,"column":21},"end":{"line":31,"column":26}},"loc":{"start":{"line":31,"column":38},"end":{"line":106,"column":null}},"line":31}},"branchMap":{"0":{"loc":{"start":{"line":19,"column":4},"end":{"line":19,"column":null}},"type":"if","locations":[{"start":{"line":19,"column":4},"end":{"line":19,"column":null}},{"start":{},"end":{}}],"line":19},"1":{"loc":{"start":{"line":34,"column":27},"end":{"line":34,"column":null}},"type":"binary-expr","locations":[{"start":{"line":34,"column":27},"end":{"line":34,"column":54}},{"start":{"line":34,"column":54},"end":{"line":34,"column":null}}],"line":34},"2":{"loc":{"start":{"line":42,"column":16},"end":{"line":42,"column":null}},"type":"binary-expr","locations":[{"start":{"line":42,"column":16},"end":{"line":42,"column":28}},{"start":{"line":42,"column":28},"end":{"line":42,"column":null}}],"line":42},"3":{"loc":{"start":{"line":43,"column":16},"end":{"line":43,"column":null}},"type":"binary-expr","locations":[{"start":{"line":43,"column":16},"end":{"line":43,"column":29}},{"start":{"line":43,"column":29},"end":{"line":43,"column":null}}],"line":43},"4":{"loc":{"start":{"line":48,"column":17},"end":{"line":57,"column":null}},"type":"cond-expr","locations":[{"start":{"line":49,"column":18},"end":{"line":50,"column":21}},{"start":{"line":50,"column":20},"end":{"line":57,"column":null}}],"line":48},"5":{"loc":{"start":{"line":50,"column":20},"end":{"line":57,"column":null}},"type":"cond-expr","locations":[{"start":{"line":51,"column":18},"end":{"line":52,"column":null}},{"start":{"line":52,"column":20},"end":{"line":57,"column":null}}],"line":50},"6":{"loc":{"start":{"line":52,"column":20},"end":{"line":57,"column":null}},"type":"cond-expr","locations":[{"start":{"line":53,"column":18},"end":{"line":57,"column":19}},{"start":{"line":57,"column":18},"end":{"line":57,"column":null}}],"line":52},"7":{"loc":{"start":{"line":65,"column":18},"end":{"line":65,"column":null}},"type":"cond-expr","locations":[{"start":{"line":65,"column":32},"end":{"line":65,"column":49}},{"start":{"line":65,"column":49},"end":{"line":65,"column":null}}],"line":65},"8":{"loc":{"start":{"line":65,"column":49},"end":{"line":65,"column":null}},"type":"cond-expr","locations":[{"start":{"line":65,"column":60},"end":{"line":65,"column":77}},{"start":{"line":65,"column":77},"end":{"line":65,"column":null}}],"line":65},"9":{"loc":{"start":{"line":71,"column":20},"end":{"line":71,"column":null}},"type":"cond-expr","locations":[{"start":{"line":71,"column":34},"end":{"line":71,"column":53}},{"start":{"line":71,"column":53},"end":{"line":71,"column":null}}],"line":71},"10":{"loc":{"start":{"line":71,"column":53},"end":{"line":71,"column":null}},"type":"cond-expr","locations":[{"start":{"line":71,"column":64},"end":{"line":71,"column":79}},{"start":{"line":71,"column":79},"end":{"line":71,"column":null}}],"line":71},"11":{"loc":{"start":{"line":79,"column":60},"end":{"line":79,"column":140}},"type":"cond-expr","locations":[{"start":{"line":79,"column":74},"end":{"line":79,"column":93}},{"start":{"line":79,"column":93},"end":{"line":79,"column":140}}],"line":79},"12":{"loc":{"start":{"line":79,"column":93},"end":{"line":79,"column":140}},"type":"cond-expr","locations":[{"start":{"line":79,"column":104},"end":{"line":79,"column":123}},{"start":{"line":79,"column":123},"end":{"line":79,"column":140}}],"line":79},"13":{"loc":{"start":{"line":82,"column":19},"end":{"line":85,"column":null}},"type":"binary-expr","locations":[{"start":{"line":82,"column":19},"end":{"line":82,"column":null}},{"start":{"line":83,"column":20},"end":{"line":85,"column":null}}],"line":82},"14":{"loc":{"start":{"line":87,"column":19},"end":{"line":90,"column":null}},"type":"binary-expr","locations":[{"start":{"line":87,"column":19},"end":{"line":87,"column":null}},{"start":{"line":88,"column":20},"end":{"line":90,"column":null}}],"line":87},"15":{"loc":{"start":{"line":97,"column":15},"end":{"line":104,"column":null}},"type":"binary-expr","locations":[{"start":{"line":97,"column":15},"end":{"line":97,"column":27}},{"start":{"line":97,"column":27},"end":{"line":97,"column":null}},{"start":{"line":98,"column":16},"end":{"line":104,"column":null}}],"line":97}},"s":{"0":1,"1":1,"2":1,"3":3,"4":3,"5":15,"6":3,"7":12,"8":3,"9":15,"10":15,"11":15,"12":15,"13":15},"f":{"0":3,"1":15,"2":15},"b":{"0":[3,12],"1":[15,3],"2":[15,3],"3":[15,9],"4":[3,12],"5":[9,3],"6":[3,0],"7":[3,12],"8":[3,9],"9":[3,12],"10":[3,9],"11":[3,12],"12":[3,9],"13":[15,3],"14":[15,3],"15":[15,6,3]},"meta":{"lastBranch":16,"lastFunction":3,"lastStatement":14,"seen":{"s:1:0:1:Infinity":0,"s:12:19:12:Infinity":1,"s:13:19:13:Infinity":2,"f:15:16:15:31":0,"s:16:39:16:68":3,"s:18:8:20:Infinity":4,"f:18:8:18:22":1,"b:19:4:19:Infinity:undefined:undefined:undefined:undefined":0,"s:19:4:19:Infinity":5,"s:19:22:19:Infinity":6,"s:20:4:20:Infinity":7,"s:23:2:109:Infinity":8,"f:31:21:31:26":2,"s:32:23:32:Infinity":9,"s:33:30:33:62":10,"s:34:27:34:Infinity":11,"b:34:27:34:54:34:54:34:Infinity":1,"s:35:27:35:46":12,"s:37:10:106:Infinity":13,"b:42:16:42:28:42:28:42:Infinity":2,"b:43:16:43:29:43:29:43:Infinity":3,"b:49:18:50:21:50:20:57:Infinity":4,"b:51:18:52:Infinity:52:20:57:Infinity":5,"b:53:18:57:19:57:18:57:Infinity":6,"b:65:32:65:49:65:49:65:Infinity":7,"b:65:60:65:77:65:77:65:Infinity":8,"b:71:34:71:53:71:53:71:Infinity":9,"b:71:64:71:79:71:79:71:Infinity":10,"b:79:74:79:93:79:93:79:140":11,"b:79:104:79:123:79:123:79:140":12,"b:82:19:82:Infinity:83:20:85:Infinity":13,"b:87:19:87:Infinity:88:20:90:Infinity":14,"b:97:15:97:27:97:27:97:Infinity:98:16:104:Infinity":15}}}
,"D:\\civic-pulse\\components\\VoterStatusCard.tsx": {"path":"D:\\civic-pulse\\components\\VoterStatusCard.tsx","statementMap":{"0":{"start":{"line":1,"column":0},"end":{"line":1,"column":null}},"1":{"start":{"line":16,"column":4},"end":{"line":67,"column":null}},"2":{"start":{"line":70,"column":22},"end":{"line":70,"column":55}},"3":{"start":{"line":71,"column":17},"end":{"line":71,"column":null}},"4":{"start":{"line":72,"column":23},"end":{"line":72,"column":null}},"5":{"start":{"line":74,"column":2},"end":{"line":111,"column":null}}},"fnMap":{"0":{"name":"VoterStatusCard","decl":{"start":{"line":69,"column":16},"end":{"line":69,"column":34}},"loc":{"start":{"line":69,"column":34},"end":{"line":111,"column":null}},"line":69}},"branchMap":{"0":{"loc":{"start":{"line":85,"column":19},"end":{"line":85,"column":null}},"type":"cond-expr","locations":[{"start":{"line":85,"column":47},"end":{"line":85,"column":58}},{"start":{"line":85,"column":58},"end":{"line":85,"column":null}}],"line":85},"1":{"loc":{"start":{"line":85,"column":58},"end":{"line":85,"column":null}},"type":"cond-expr","locations":[{"start":{"line":85,"column":88},"end":{"line":85,"column":97}},{"start":{"line":85,"column":97},"end":{"line":85,"column":null}}],"line":85},"2":{"loc":{"start":{"line":87,"column":11},"end":{"line":87,"column":null}},"type":"cond-expr","locations":[{"start":{"line":87,"column":39},"end":{"line":87,"column":57}},{"start":{"line":87,"column":57},"end":{"line":87,"column":null}}],"line":87},"3":{"loc":{"start":{"line":87,"column":57},"end":{"line":87,"column":null}},"type":"cond-expr","locations":[{"start":{"line":87,"column":87},"end":{"line":87,"column":103}},{"start":{"line":87,"column":103},"end":{"line":87,"column":null}}],"line":87}},"s":{"0":1,"1":1,"2":4,"3":4,"4":4,"5":4},"f":{"0":4},"b":{"0":[4,0],"1":[0,0],"2":[4,0],"3":[0,0]},"meta":{"lastBranch":4,"lastFunction":1,"lastStatement":6,"seen":{"s:1:0:1:Infinity":0,"s:16:4:67:Infinity":1,"f:69:16:69:34":0,"s:70:22:70:55":2,"s:71:17:71:Infinity":3,"s:72:23:72:Infinity":4,"s:74:2:111:Infinity":5,"b:85:47:85:58:85:58:85:Infinity":0,"b:85:88:85:97:85:97:85:Infinity":1,"b:87:39:87:57:87:57:87:Infinity":2,"b:87:87:87:103:87:103:87:Infinity":3}}}
,"D:\\civic-pulse\\components\\ui\\Badge.tsx": {"path":"D:\\civic-pulse\\components\\ui\\Badge.tsx","statementMap":{"0":{"start":{"line":10,"column":19},"end":{"line":17,"column":null}},"1":{"start":{"line":19,"column":2},"end":{"line":28,"column":null}}},"fnMap":{"0":{"name":"Badge","decl":{"start":{"line":9,"column":16},"end":{"line":9,"column":22}},"loc":{"start":{"line":9,"column":80},"end":{"line":28,"column":null}},"line":9}},"branchMap":{"0":{"loc":{"start":{"line":9,"column":34},"end":{"line":9,"column":55}},"type":"default-arg","locations":[{"start":{"line":9,"column":44},"end":{"line":9,"column":55}}],"line":9}},"s":{"0":4,"1":4},"f":{"0":4},"b":{"0":[4]},"meta":{"lastBranch":1,"lastFunction":1,"lastStatement":2,"seen":{"f:9:16:9:22":0,"b:9:44:9:55":0,"s:10:19:17:Infinity":0,"s:19:2:28:Infinity":1}}}
,"D:\\civic-pulse\\components\\ui\\Button.tsx": {"path":"D:\\civic-pulse\\components\\ui\\Button.tsx","statementMap":{"0":{"start":{"line":1,"column":0},"end":{"line":1,"column":null}},"1":{"start":{"line":11,"column":13},"end":{"line":50,"column":null}},"2":{"start":{"line":14,"column":6},"end":{"line":14,"column":null}},"3":{"start":{"line":16,"column":21},"end":{"line":27,"column":null}},"4":{"start":{"line":29,"column":18},"end":{"line":33,"column":null}},"5":{"start":{"line":35,"column":4},"end":{"line":46,"column":null}},"6":{"start":{"line":52,"column":0},"end":{"line":52,"column":null}}},"fnMap":{"0":{"name":"(anonymous_0)","decl":{"start":{"line":11,"column":22},"end":{"line":11,"column":null}},"loc":{"start":{"line":12,"column":99},"end":{"line":50,"column":null}},"line":12}},"branchMap":{"0":{"loc":{"start":{"line":12,"column":16},"end":{"line":12,"column":37}},"type":"default-arg","locations":[{"start":{"line":12,"column":26},"end":{"line":12,"column":37}}],"line":12},"1":{"loc":{"start":{"line":12,"column":37},"end":{"line":12,"column":50}},"type":"default-arg","locations":[{"start":{"line":12,"column":44},"end":{"line":12,"column":50}}],"line":12},"2":{"loc":{"start":{"line":38,"column":18},"end":{"line":38,"column":null}},"type":"binary-expr","locations":[{"start":{"line":38,"column":18},"end":{"line":38,"column":30}},{"start":{"line":38,"column":30},"end":{"line":38,"column":null}}],"line":38},"3":{"loc":{"start":{"line":43,"column":9},"end":{"line":46,"column":null}},"type":"binary-expr","locations":[{"start":{"line":43,"column":9},"end":{"line":43,"column":null}},{"start":{"line":44,"column":10},"end":{"line":46,"column":null}}],"line":43}},"s":{"0":1,"1":1,"2":4,"3":4,"4":4,"5":4,"6":1},"f":{"0":4},"b":{"0":[4],"1":[4],"2":[4,4],"3":[4,0]},"meta":{"lastBranch":4,"lastFunction":1,"lastStatement":7,"seen":{"s:1:0:1:Infinity":0,"s:11:13:50:Infinity":1,"f:11:22:11:Infinity":0,"b:12:26:12:37":0,"b:12:44:12:50":1,"s:14:6:14:Infinity":2,"s:16:21:27:Infinity":3,"s:29:18:33:Infinity":4,"s:35:4:46:Infinity":5,"b:38:18:38:30:38:30:38:Infinity":2,"b:43:9:43:Infinity:44:10:46:Infinity":3,"s:52:0:52:Infinity":6}}}
,"D:\\civic-pulse\\lib\\assistant-utils.ts": {"path":"D:\\civic-pulse\\lib\\assistant-utils.ts","statementMap":{"0":{"start":{"line":11,"column":16},"end":{"line":11,"column":37}},"1":{"start":{"line":12,"column":2},"end":{"line":12,"column":null}},"2":{"start":{"line":12,"column":93},"end":{"line":12,"column":null}},"3":{"start":{"line":13,"column":2},"end":{"line":13,"column":null}},"4":{"start":{"line":13,"column":112},"end":{"line":13,"column":null}},"5":{"start":{"line":14,"column":2},"end":{"line":14,"column":null}},"6":{"start":{"line":14,"column":68},"end":{"line":14,"column":null}},"7":{"start":{"line":15,"column":2},"end":{"line":15,"column":null}},"8":{"start":{"line":15,"column":116},"end":{"line":15,"column":null}},"9":{"start":{"line":16,"column":2},"end":{"line":16,"column":null}},"10":{"start":{"line":26,"column":21},"end":{"line":26,"column":66}},"11":{"start":{"line":27,"column":22},"end":{"line":27,"column":50}},"12":{"start":{"line":28,"column":27},"end":{"line":28,"column":69}},"13":{"start":{"line":30,"column":16},"end":{"line":30,"column":null}},"14":{"start":{"line":31,"column":18},"end":{"line":31,"column":null}},"15":{"start":{"line":32,"column":30},"end":{"line":32,"column":null}},"16":{"start":{"line":34,"column":2},"end":{"line":40,"column":null}},"17":{"start":{"line":35,"column":4},"end":{"line":40,"column":null}},"18":{"start":{"line":36,"column":21},"end":{"line":36,"column":52}},"19":{"start":{"line":37,"column":6},"end":{"line":38,"column":null}},"20":{"start":{"line":38,"column":8},"end":{"line":38,"column":null}},"21":{"start":{"line":44,"column":2},"end":{"line":44,"column":null}}},"fnMap":{"0":{"name":"detectIntent","decl":{"start":{"line":10,"column":16},"end":{"line":10,"column":29}},"loc":{"start":{"line":10,"column":54},"end":{"line":16,"column":null}},"line":10},"1":{"name":"parseResponse","decl":{"start":{"line":25,"column":16},"end":{"line":25,"column":30}},"loc":{"start":{"line":25,"column":101},"end":{"line":44,"column":null}},"line":25}},"branchMap":{"0":{"loc":{"start":{"line":12,"column":2},"end":{"line":12,"column":null}},"type":"if","locations":[{"start":{"line":12,"column":2},"end":{"line":12,"column":null}},{"start":{},"end":{}}],"line":12},"1":{"loc":{"start":{"line":12,"column":6},"end":{"line":12,"column":91}},"type":"binary-expr","locations":[{"start":{"line":12,"column":6},"end":{"line":12,"column":30}},{"start":{"line":12,"column":34},"end":{"line":12,"column":59}},{"start":{"line":12,"column":63},"end":{"line":12,"column":91}}],"line":12},"2":{"loc":{"start":{"line":13,"column":2},"end":{"line":13,"column":null}},"type":"if","locations":[{"start":{"line":13,"column":2},"end":{"line":13,"column":null}},{"start":{},"end":{}}],"line":13},"3":{"loc":{"start":{"line":13,"column":6},"end":{"line":13,"column":110}},"type":"binary-expr","locations":[{"start":{"line":13,"column":6},"end":{"line":13,"column":32}},{"start":{"line":13,"column":36},"end":{"line":13,"column":58}},{"start":{"line":13,"column":62},"end":{"line":13,"column":84}},{"start":{"line":13,"column":88},"end":{"line":13,"column":110}}],"line":13},"4":{"loc":{"start":{"line":14,"column":2},"end":{"line":14,"column":null}},"type":"if","locations":[{"start":{"line":14,"column":2},"end":{"line":14,"column":null}},{"start":{},"end":{}}],"line":14},"5":{"loc":{"start":{"line":14,"column":6},"end":{"line":14,"column":66}},"type":"binary-expr","locations":[{"start":{"line":14,"column":6},"end":{"line":14,"column":32}},{"start":{"line":14,"column":36},"end":{"line":14,"column":66}}],"line":14},"6":{"loc":{"start":{"line":15,"column":2},"end":{"line":15,"column":null}},"type":"if","locations":[{"start":{"line":15,"column":2},"end":{"line":15,"column":null}},{"start":{},"end":{}}],"line":15},"7":{"loc":{"start":{"line":15,"column":6},"end":{"line":15,"column":114}},"type":"binary-expr","locations":[{"start":{"line":15,"column":6},"end":{"line":15,"column":31}},{"start":{"line":15,"column":35},"end":{"line":15,"column":57}},{"start":{"line":15,"column":61},"end":{"line":15,"column":84}},{"start":{"line":15,"column":88},"end":{"line":15,"column":114}}],"line":15},"8":{"loc":{"start":{"line":30,"column":16},"end":{"line":30,"column":null}},"type":"binary-expr","locations":[{"start":{"line":30,"column":16},"end":{"line":30,"column":39}},{"start":{"line":30,"column":43},"end":{"line":30,"column":null}}],"line":30},"9":{"loc":{"start":{"line":31,"column":18},"end":{"line":31,"column":null}},"type":"binary-expr","locations":[{"start":{"line":31,"column":18},"end":{"line":31,"column":49}},{"start":{"line":31,"column":49},"end":{"line":31,"column":null}}],"line":31},"10":{"loc":{"start":{"line":34,"column":2},"end":{"line":40,"column":null}},"type":"if","locations":[{"start":{"line":34,"column":2},"end":{"line":40,"column":null}},{"start":{},"end":{}}],"line":34},"11":{"loc":{"start":{"line":34,"column":6},"end":{"line":34,"column":47}},"type":"binary-expr","locations":[{"start":{"line":34,"column":6},"end":{"line":34,"column":26}},{"start":{"line":34,"column":26},"end":{"line":34,"column":47}}],"line":34},"12":{"loc":{"start":{"line":37,"column":6},"end":{"line":38,"column":null}},"type":"if","locations":[{"start":{"line":37,"column":6},"end":{"line":38,"column":null}},{"start":{},"end":{}}],"line":37},"13":{"loc":{"start":{"line":37,"column":10},"end":{"line":37,"column":54}},"type":"binary-expr","locations":[{"start":{"line":37,"column":10},"end":{"line":37,"column":31}},{"start":{"line":37,"column":35},"end":{"line":37,"column":54}}],"line":37}},"s":{"0":9,"1":9,"2":2,"3":7,"4":2,"5":5,"6":2,"7":3,"8":2,"9":1,"10":2,"11":2,"12":2,"13":2,"14":2,"15":2,"16":2,"17":1,"18":1,"19":1,"20":1,"21":2},"f":{"0":9,"1":2},"b":{"0":[2,7],"1":[9,8,8],"2":[2,5],"3":[7,6,5,5],"4":[2,3],"5":[5,4],"6":[2,1],"7":[3,3,2,1],"8":[2,1],"9":[2,1],"10":[1,1],"11":[2,1],"12":[1,0],"13":[1,1]},"meta":{"lastBranch":14,"lastFunction":2,"lastStatement":22,"seen":{"f:10:16:10:29":0,"s:11:16:11:37":0,"b:12:2:12:Infinity:undefined:undefined:undefined:undefined":0,"s:12:2:12:Infinity":1,"b:12:6:12:30:12:34:12:59:12:63:12:91":1,"s:12:93:12:Infinity":2,"b:13:2:13:Infinity:undefined:undefined:undefined:undefined":2,"s:13:2:13:Infinity":3,"b:13:6:13:32:13:36:13:58:13:62:13:84:13:88:13:110":3,"s:13:112:13:Infinity":4,"b:14:2:14:Infinity:undefined:undefined:undefined:undefined":4,"s:14:2:14:Infinity":5,"b:14:6:14:32:14:36:14:66":5,"s:14:68:14:Infinity":6,"b:15:2:15:Infinity:undefined:undefined:undefined:undefined":6,"s:15:2:15:Infinity":7,"b:15:6:15:31:15:35:15:57:15:61:15:84:15:88:15:114":7,"s:15:116:15:Infinity":8,"s:16:2:16:Infinity":9,"f:25:16:25:30":1,"s:26:21:26:66":10,"s:27:22:27:50":11,"s:28:27:28:69":12,"s:30:16:30:Infinity":13,"b:30:16:30:39:30:43:30:Infinity":8,"s:31:18:31:Infinity":14,"b:31:18:31:49:31:49:31:Infinity":9,"s:32:30:32:Infinity":15,"b:34:2:40:Infinity:undefined:undefined:undefined:undefined":10,"s:34:2:40:Infinity":16,"b:34:6:34:26:34:26:34:47":11,"s:35:4:40:Infinity":17,"s:36:21:36:52":18,"b:37:6:38:Infinity:undefined:undefined:undefined:undefined":12,"s:37:6:38:Infinity":19,"b:37:10:37:31:37:35:37:54":13,"s:38:8:38:Infinity":20,"s:44:2:44:Infinity":21}}}
,"D:\\civic-pulse\\lib\\constants.ts": {"path":"D:\\civic-pulse\\lib\\constants.ts","statementMap":{"0":{"start":{"line":3,"column":27},"end":{"line":9,"column":null}},"1":{"start":{"line":11,"column":48},"end":{"line":57,"column":null}},"2":{"start":{"line":59,"column":51},"end":{"line":102,"column":null}},"3":{"start":{"line":104,"column":28},"end":{"line":115,"column":null}}},"fnMap":{},"branchMap":{},"s":{"0":1,"1":1,"2":1,"3":1},"f":{},"b":{},"meta":{"lastBranch":0,"lastFunction":0,"lastStatement":4,"seen":{"s:3:27:9:Infinity":0,"s:11:48:57:Infinity":1,"s:59:51:102:Infinity":2,"s:104:28:115:Infinity":3}}}
,"D:\\civic-pulse\\lib\\utils.ts": {"path":"D:\\civic-pulse\\lib\\utils.ts","statementMap":{"0":{"start":{"line":11,"column":2},"end":{"line":11,"column":null}},"1":{"start":{"line":21,"column":2},"end":{"line":25,"column":null}},"2":{"start":{"line":35,"column":14},"end":{"line":35,"column":24}},"3":{"start":{"line":36,"column":17},"end":{"line":36,"column":37}},"4":{"start":{"line":37,"column":15},"end":{"line":37,"column":47}},"5":{"start":{"line":38,"column":2},"end":{"line":38,"column":null}},"6":{"start":{"line":38,"column":17},"end":{"line":38,"column":null}},"7":{"start":{"line":39,"column":15},"end":{"line":39,"column":55}},"8":{"start":{"line":40,"column":16},"end":{"line":40,"column":77}},"9":{"start":{"line":41,"column":2},"end":{"line":41,"column":null}},"10":{"start":{"line":41,"column":16},"end":{"line":41,"column":null}},"11":{"start":{"line":42,"column":15},"end":{"line":42,"column":66}},"12":{"start":{"line":43,"column":2},"end":{"line":43,"column":null}}},"fnMap":{"0":{"name":"cn","decl":{"start":{"line":10,"column":16},"end":{"line":10,"column":19}},"loc":{"start":{"line":10,"column":44},"end":{"line":11,"column":null}},"line":10},"1":{"name":"formatDate","decl":{"start":{"line":20,"column":16},"end":{"line":20,"column":27}},"loc":{"start":{"line":20,"column":56},"end":{"line":25,"column":null}},"line":20},"2":{"name":"getCountdown","decl":{"start":{"line":34,"column":16},"end":{"line":34,"column":29}},"loc":{"start":{"line":34,"column":57},"end":{"line":43,"column":null}},"line":34}},"branchMap":{"0":{"loc":{"start":{"line":38,"column":2},"end":{"line":38,"column":null}},"type":"if","locations":[{"start":{"line":38,"column":2},"end":{"line":38,"column":null}},{"start":{},"end":{}}],"line":38},"1":{"loc":{"start":{"line":41,"column":2},"end":{"line":41,"column":null}},"type":"if","locations":[{"start":{"line":41,"column":2},"end":{"line":41,"column":null}},{"start":{},"end":{}}],"line":41}},"s":{"0":68,"1":2,"2":3,"3":3,"4":3,"5":3,"6":1,"7":2,"8":2,"9":2,"10":1,"11":1,"12":1},"f":{"0":68,"1":2,"2":3},"b":{"0":[1,2],"1":[1,1]},"meta":{"lastBranch":2,"lastFunction":3,"lastStatement":13,"seen":{"f:10:16:10:19":0,"s:11:2:11:Infinity":0,"f:20:16:20:27":1,"s:21:2:25:Infinity":1,"f:34:16:34:29":2,"s:35:14:35:24":2,"s:36:17:36:37":3,"s:37:15:37:47":4,"b:38:2:38:Infinity:undefined:undefined:undefined:undefined":0,"s:38:2:38:Infinity":5,"s:38:17:38:Infinity":6,"s:39:15:39:55":7,"s:40:16:40:77":8,"b:41:2:41:Infinity:undefined:undefined:undefined:undefined":1,"s:41:2:41:Infinity":9,"s:41:16:41:Infinity":10,"s:42:15:42:66":11,"s:43:2:43:Infinity":12}}}
,"D:\\civic-pulse\\store\\useUserStore.ts": {"path":"D:\\civic-pulse\\store\\useUserStore.ts","statementMap":{"0":{"start":{"line":1,"column":0},"end":{"line":1,"column":null}},"1":{"start":{"line":36,"column":60},"end":{"line":42,"column":null}},"2":{"start":{"line":44,"column":54},"end":{"line":49,"column":null}},"3":{"start":{"line":52,"column":2},"end":{"line":52,"column":null}},"4":{"start":{"line":55,"column":13},"end":{"line":151,"column":null}},"5":{"start":{"line":57,"column":19},"end":{"line":137,"column":null}},"6":{"start":{"line":67,"column":32},"end":{"line":67,"column":58}},"7":{"start":{"line":70,"column":8},"end":{"line":72,"column":11}},"8":{"start":{"line":70,"column":20},"end":{"line":71,"column":null}},"9":{"start":{"line":75,"column":8},"end":{"line":88,"column":null}},"10":{"start":{"line":77,"column":10},"end":{"line":78,"column":null}},"11":{"start":{"line":78,"column":12},"end":{"line":78,"column":null}},"12":{"start":{"line":80,"column":33},"end":{"line":82,"column":41}},"13":{"start":{"line":84,"column":10},"end":{"line":87,"column":null}},"14":{"start":{"line":90,"column":32},"end":{"line":94,"column":null}},"15":{"start":{"line":92,"column":8},"end":{"line":92,"column":null}},"16":{"start":{"line":92,"column":62},"end":{"line":92,"column":null}},"17":{"start":{"line":93,"column":8},"end":{"line":93,"column":null}},"18":{"start":{"line":96,"column":33},"end":{"line":96,"column":50}},"19":{"start":{"line":99,"column":8},"end":{"line":99,"column":60}},"20":{"start":{"line":99,"column":20},"end":{"line":99,"column":58}},"21":{"start":{"line":101,"column":28},"end":{"line":101,"column":50}},"22":{"start":{"line":104,"column":8},"end":{"line":112,"column":10}},"23":{"start":{"line":115,"column":18},"end":{"line":115,"column":23}},"24":{"start":{"line":116,"column":8},"end":{"line":122,"column":null}},"25":{"start":{"line":126,"column":24},"end":{"line":126,"column":null}},"26":{"start":{"line":127,"column":8},"end":{"line":127,"column":null}},"27":{"start":{"line":131,"column":20},"end":{"line":131,"column":51}},"28":{"start":{"line":132,"column":8},"end":{"line":133,"column":null}},"29":{"start":{"line":133,"column":10},"end":{"line":133,"column":null}},"30":{"start":{"line":135,"column":8},"end":{"line":135,"column":null}},"31":{"start":{"line":140,"column":39},"end":{"line":140,"column":52}},"32":{"start":{"line":141,"column":26},"end":{"line":149,"column":null}}},"fnMap":{"0":{"name":"generateSessionId","decl":{"start":{"line":51,"column":9},"end":{"line":51,"column":37}},"loc":{"start":{"line":51,"column":37},"end":{"line":52,"column":null}},"line":51},"1":{"name":"(anonymous_1)","decl":{"start":{"line":56,"column":2},"end":{"line":56,"column":null}},"loc":{"start":{"line":57,"column":19},"end":{"line":137,"column":null}},"line":57},"2":{"name":"(anonymous_2)","decl":{"start":{"line":67,"column":6},"end":{"line":67,"column":22}},"loc":{"start":{"line":67,"column":32},"end":{"line":67,"column":58}},"line":67},"3":{"name":"(anonymous_3)","decl":{"start":{"line":69,"column":6},"end":{"line":69,"column":29}},"loc":{"start":{"line":70,"column":8},"end":{"line":72,"column":11}},"line":70},"4":{"name":"(anonymous_4)","decl":{"start":{"line":70,"column":8},"end":{"line":70,"column":13}},"loc":{"start":{"line":70,"column":20},"end":{"line":71,"column":null}},"line":70},"5":{"name":"(anonymous_5)","decl":{"start":{"line":74,"column":6},"end":{"line":74,"column":21}},"loc":{"start":{"line":75,"column":8},"end":{"line":88,"column":null}},"line":75},"6":{"name":"(anonymous_6)","decl":{"start":{"line":75,"column":8},"end":{"line":75,"column":13}},"loc":{"start":{"line":75,"column":19},"end":{"line":88,"column":null}},"line":75},"7":{"name":"(anonymous_7)","decl":{"start":{"line":90,"column":6},"end":{"line":90,"column":23}},"loc":{"start":{"line":90,"column":32},"end":{"line":94,"column":null}},"line":90},"8":{"name":"(anonymous_8)","decl":{"start":{"line":90,"column":32},"end":{"line":90,"column":37}},"loc":{"start":{"line":90,"column":43},"end":{"line":94,"column":null}},"line":90},"9":{"name":"(anonymous_9)","decl":{"start":{"line":96,"column":6},"end":{"line":96,"column":20}},"loc":{"start":{"line":96,"column":33},"end":{"line":96,"column":50}},"line":96},"10":{"name":"(anonymous_10)","decl":{"start":{"line":98,"column":6},"end":{"line":98,"column":19}},"loc":{"start":{"line":99,"column":8},"end":{"line":99,"column":60}},"line":99},"11":{"name":"(anonymous_11)","decl":{"start":{"line":99,"column":8},"end":{"line":99,"column":13}},"loc":{"start":{"line":99,"column":20},"end":{"line":99,"column":58}},"line":99},"12":{"name":"(anonymous_12)","decl":{"start":{"line":101,"column":6},"end":{"line":101,"column":20}},"loc":{"start":{"line":101,"column":28},"end":{"line":101,"column":50}},"line":101},"13":{"name":"(anonymous_13)","decl":{"start":{"line":103,"column":6},"end":{"line":103,"column":null}},"loc":{"start":{"line":104,"column":8},"end":{"line":112,"column":10}},"line":104},"14":{"name":"(anonymous_14)","decl":{"start":{"line":114,"column":6},"end":{"line":114,"column":25}},"loc":{"start":{"line":114,"column":25},"end":{"line":122,"column":null}},"line":114},"15":{"name":"(anonymous_15)","decl":{"start":{"line":125,"column":6},"end":{"line":125,"column":24}},"loc":{"start":{"line":125,"column":37},"end":{"line":127,"column":null}},"line":125},"16":{"name":"(anonymous_16)","decl":{"start":{"line":130,"column":6},"end":{"line":130,"column":21}},"loc":{"start":{"line":130,"column":34},"end":{"line":135,"column":null}},"line":130},"17":{"name":"(anonymous_17)","decl":{"start":{"line":140,"column":15},"end":{"line":140,"column":39}},"loc":{"start":{"line":140,"column":39},"end":{"line":140,"column":52}},"line":140},"18":{"name":"(anonymous_18)","decl":{"start":{"line":141,"column":6},"end":{"line":141,"column":19}},"loc":{"start":{"line":141,"column":26},"end":{"line":149,"column":null}},"line":141}},"branchMap":{"0":{"loc":{"start":{"line":77,"column":10},"end":{"line":78,"column":null}},"type":"if","locations":[{"start":{"line":77,"column":10},"end":{"line":78,"column":null}},{"start":{},"end":{}}],"line":77},"1":{"loc":{"start":{"line":77,"column":14},"end":{"line":77,"column":62}},"type":"binary-expr","locations":[{"start":{"line":77,"column":14},"end":{"line":77,"column":26}},{"start":{"line":77,"column":26},"end":{"line":77,"column":62}}],"line":77},"2":{"loc":{"start":{"line":80,"column":33},"end":{"line":82,"column":41}},"type":"cond-expr","locations":[{"start":{"line":81,"column":14},"end":{"line":81,"column":null}},{"start":{"line":82,"column":14},"end":{"line":82,"column":41}}],"line":80},"3":{"loc":{"start":{"line":92,"column":8},"end":{"line":92,"column":null}},"type":"if","locations":[{"start":{"line":92,"column":8},"end":{"line":92,"column":null}},{"start":{},"end":{}}],"line":92},"4":{"loc":{"start":{"line":92,"column":12},"end":{"line":92,"column":60}},"type":"binary-expr","locations":[{"start":{"line":92,"column":12},"end":{"line":92,"column":24}},{"start":{"line":92,"column":24},"end":{"line":92,"column":60}}],"line":92},"5":{"loc":{"start":{"line":132,"column":8},"end":{"line":133,"column":null}},"type":"if","locations":[{"start":{"line":132,"column":8},"end":{"line":133,"column":null}},{"start":{},"end":{}}],"line":132}},"s":{"0":1,"1":1,"2":1,"3":6,"4":1,"5":1,"6":2,"7":0,"8":0,"9":5,"10":5,"11":1,"12":4,"13":5,"14":1,"15":1,"16":0,"17":1,"18":0,"19":0,"20":0,"21":0,"22":5,"23":0,"24":0,"25":0,"26":0,"27":0,"28":0,"29":0,"30":0,"31":1,"32":13},"f":{"0":6,"1":1,"2":2,"3":0,"4":0,"5":5,"6":5,"7":1,"8":1,"9":0,"10":0,"11":0,"12":0,"13":5,"14":0,"15":0,"16":0,"17":1,"18":13},"b":{"0":[1,4],"1":[5,3],"2":[0,4],"3":[0,1],"4":[1,0],"5":[0,0]},"meta":{"lastBranch":6,"lastFunction":19,"lastStatement":33,"seen":{"s:1:0:1:Infinity":0,"s:36:60:42:Infinity":1,"s:44:54:49:Infinity":2,"f:51:9:51:37":0,"s:52:2:52:Infinity":3,"s:55:13:151:Infinity":4,"f:56:2:56:Infinity":1,"s:57:19:137:Infinity":5,"f:67:6:67:22":2,"s:67:32:67:58":6,"f:69:6:69:29":3,"s:70:8:72:11":7,"f:70:8:70:13":4,"s:70:20:71:Infinity":8,"f:74:6:74:21":5,"s:75:8:88:Infinity":9,"f:75:8:75:13":6,"b:77:10:78:Infinity:undefined:undefined:undefined:undefined":0,"s:77:10:78:Infinity":10,"b:77:14:77:26:77:26:77:62":1,"s:78:12:78:Infinity":11,"s:80:33:82:41":12,"b:81:14:81:Infinity:82:14:82:41":2,"s:84:10:87:Infinity":13,"f:90:6:90:23":7,"s:90:32:94:Infinity":14,"f:90:32:90:37":8,"b:92:8:92:Infinity:undefined:undefined:undefined:undefined":3,"s:92:8:92:Infinity":15,"b:92:12:92:24:92:24:92:60":4,"s:92:62:92:Infinity":16,"s:93:8:93:Infinity":17,"f:96:6:96:20":9,"s:96:33:96:50":18,"f:98:6:98:19":10,"s:99:8:99:60":19,"f:99:8:99:13":11,"s:99:20:99:58":20,"f:101:6:101:20":12,"s:101:28:101:50":21,"f:103:6:103:Infinity":13,"s:104:8:112:10":22,"f:114:6:114:25":14,"s:115:18:115:23":23,"s:116:8:122:Infinity":24,"f:125:6:125:24":15,"s:126:24:126:Infinity":25,"s:127:8:127:Infinity":26,"f:130:6:130:21":16,"s:131:20:131:51":27,"b:132:8:133:Infinity:undefined:undefined:undefined:undefined":5,"s:132:8:133:Infinity":28,"s:133:10:133:Infinity":29,"s:135:8:135:Infinity":30,"f:140:15:140:39":17,"s:140:39:140:52":31,"f:141:6:141:19":18,"s:141:26:149:Infinity":32}}}
}
