{"D:\\civic-pulse\\components\\SmartStepper.tsx": {"path":"D:\\civic-pulse\\components\\SmartStepper.tsx","statementMap":{"0":{"start":{"line":1,"column":0},"end":{"line":1,"column":null}},"1":{"start":{"line":12,"column":19},"end":{"line":12,"column":null}},"2":{"start":{"line":13,"column":19},"end":{"line":13,"column":null}},"3":{"start":{"line":16,"column":39},"end":{"line":16,"column":68}},"4":{"start":{"line":18,"column":8},"end":{"line":20,"column":null}},"5":{"start":{"line":19,"column":4},"end":{"line":19,"column":null}},"6":{"start":{"line":19,"column":22},"end":{"line":19,"column":null}},"7":{"start":{"line":20,"column":4},"end":{"line":20,"column":null}},"8":{"start":{"line":23,"column":2},"end":{"line":108,"column":null}},"9":{"start":{"line":32,"column":23},"end":{"line":32,"column":null}},"10":{"start":{"line":33,"column":30},"end":{"line":33,"column":62}},"11":{"start":{"line":34,"column":27},"end":{"line":34,"column":null}},"12":{"start":{"line":35,"column":27},"end":{"line":35,"column":46}},"13":{"start":{"line":37,"column":10},"end":{"line":105,"column":null}}},"fnMap":{"0":{"name":"SmartStepper","decl":{"start":{"line":15,"column":16},"end":{"line":15,"column":31}},"loc":{"start":{"line":15,"column":31},"end":{"line":108,"column":null}},"line":15},"1":{"name":"(anonymous_1)","decl":{"start":{"line":18,"column":8},"end":{"line":18,"column":22}},"loc":{"start":{"line":18,"column":50},"end":{"line":20,"column":null}},"line":18},"2":{"name":"(anonymous_2)","decl":{"start":{"line":31,"column":21},"end":{"line":31,"column":26}},"loc":{"start":{"line":31,"column":38},"end":{"line":105,"column":null}},"line":31}},"branchMap":{"0":{"loc":{"start":{"line":19,"column":4},"end":{"line":19,"column":null}},"type":"if","locations":[{"start":{"line":19,"column":4},"end":{"line":19,"column":null}},{"start":{},"end":{}}],"line":19},"1":{"loc":{"start":{"line":34,"column":27},"end":{"line":34,"column":null}},"type":"binary-expr","locations":[{"start":{"line":34,"column":27},"end":{"line":34,"column":54}},{"start":{"line":34,"column":54},"end":{"line":34,"column":null}}],"line":34},"2":{"loc":{"start":{"line":42,"column":16},"end":{"line":42,"column":null}},"type":"binary-expr","locations":[{"start":{"line":42,"column":16},"end":{"line":42,"column":28}},{"start":{"line":42,"column":28},"end":{"line":42,"column":null}}],"line":42},"3":{"loc":{"start":{"line":43,"column":16},"end":{"line":43,"column":null}},"type":"binary-expr","locations":[{"start":{"line":43,"column":16},"end":{"line":43,"column":29}},{"start":{"line":43,"column":29},"end":{"line":43,"column":null}}],"line":43},"4":{"loc":{"start":{"line":48,"column":17},"end":{"line":57,"column":null}},"type":"cond-expr","locations":[{"start":{"line":49,"column":18},"end":{"line":50,"column":21}},{"start":{"line":50,"column":20},"end":{"line":57,"column":null}}],"line":48},"5":{"loc":{"start":{"line":50,"column":20},"end":{"line":57,"column":null}},"type":"cond-expr","locations":[{"start":{"line":51,"column":18},"end":{"line":52,"column":null}},{"start":{"line":52,"column":20},"end":{"line":57,"column":null}}],"line":50},"6":{"loc":{"start":{"line":52,"column":20},"end":{"line":57,"column":null}},"type":"cond-expr","locations":[{"start":{"line":53,"column":18},"end":{"line":57,"column":19}},{"start":{"line":57,"column":18},"end":{"line":57,"column":null}}],"line":52},"7":{"loc":{"start":{"line":65,"column":18},"end":{"line":65,"column":null}},"type":"cond-expr","locations":[{"start":{"line":65,"column":32},"end":{"line":65,"column":49}},{"start":{"line":65,"column":49},"end":{"line":65,"column":null}}],"line":65},"8":{"loc":{"start":{"line":65,"column":49},"end":{"line":65,"column":null}},"type":"cond-expr","locations":[{"start":{"line":65,"column":60},"end":{"line":65,"column":77}},{"start":{"line":65,"column":77},"end":{"line":65,"column":null}}],"line":65},"9":{"loc":{"start":{"line":71,"column":20},"end":{"line":71,"column":null}},"type":"cond-expr","locations":[{"start":{"line":71,"column":34},"end":{"line":71,"column":53}},{"start":{"line":71,"column":53},"end":{"line":71,"column":null}}],"line":71},"10":{"loc":{"start":{"line":71,"column":53},"end":{"line":71,"column":null}},"type":"cond-expr","locations":[{"start":{"line":71,"column":64},"end":{"line":71,"column":79}},{"start":{"line":71,"column":79},"end":{"line":71,"column":null}}],"line":71},"11":{"loc":{"start":{"line":79,"column":60},"end":{"line":79,"column":140}},"type":"cond-expr","locations":[{"start":{"line":79,"column":74},"end":{"line":79,"column":93}},{"start":{"line":79,"column":93},"end":{"line":79,"column":140}}],"line":79},"12":{"loc":{"start":{"line":79,"column":93},"end":{"line":79,"column":140}},"type":"cond-expr","locations":[{"start":{"line":79,"column":104},"end":{"line":79,"column":123}},{"start":{"line":79,"column":123},"end":{"line":79,"column":140}}],"line":79},"13":{"loc":{"start":{"line":82,"column":19},"end":{"line":85,"column":null}},"type":"binary-expr","locations":[{"start":{"line":82,"column":19},"end":{"line":82,"column":null}},{"start":{"line":83,"column":20},"end":{"line":85,"column":null}}],"line":82},"14":{"loc":{"start":{"line":87,"column":19},"end":{"line":90,"column":null}},"type":"binary-expr","locations":[{"start":{"line":87,"column":19},"end":{"line":87,"column":null}},{"start":{"line":88,"column":20},"end":{"line":90,"column":null}}],"line":87},"15":{"loc":{"start":{"line":97,"column":15},"end":{"line":103,"column":null}},"type":"binary-expr","locations":[{"start":{"line":97,"column":15},"end":{"line":97,"column":27}},{"start":{"line":97,"column":27},"end":{"line":97,"column":null}},{"start":{"line":98,"column":16},"end":{"line":103,"column":null}}],"line":97}},"s":{"0":1,"1":1,"2":1,"3":3,"4":3,"5":15,"6":3,"7":12,"8":3,"9":15,"10":15,"11":15,"12":15,"13":15},"f":{"0":3,"1":15,"2":15},"b":{"0":[3,12],"1":[15,3],"2":[15,3],"3":[15,9],"4":[3,12],"5":[9,3],"6":[3,0],"7":[3,12],"8":[3,9],"9":[3,12],"10":[3,9],"11":[3,12],"12":[3,9],"13":[15,3],"14":[15,3],"15":[15,6,3]},"meta":{"lastBranch":16,"lastFunction":3,"lastStatement":14,"seen":{"s:1:0:1:Infinity":0,"s:12:19:12:Infinity":1,"s:13:19:13:Infinity":2,"f:15:16:15:31":0,"s:16:39:16:68":3,"s:18:8:20:Infinity":4,"f:18:8:18:22":1,"b:19:4:19:Infinity:undefined:undefined:undefined:undefined":0,"s:19:4:19:Infinity":5,"s:19:22:19:Infinity":6,"s:20:4:20:Infinity":7,"s:23:2:108:Infinity":8,"f:31:21:31:26":2,"s:32:23:32:Infinity":9,"s:33:30:33:62":10,"s:34:27:34:Infinity":11,"b:34:27:34:54:34:54:34:Infinity":1,"s:35:27:35:46":12,"s:37:10:105:Infinity":13,"b:42:16:42:28:42:28:42:Infinity":2,"b:43:16:43:29:43:29:43:Infinity":3,"b:49:18:50:21:50:20:57:Infinity":4,"b:51:18:52:Infinity:52:20:57:Infinity":5,"b:53:18:57:19:57:18:57:Infinity":6,"b:65:32:65:49:65:49:65:Infinity":7,"b:65:60:65:77:65:77:65:Infinity":8,"b:71:34:71:53:71:53:71:Infinity":9,"b:71:64:71:79:71:79:71:Infinity":10,"b:79:74:79:93:79:93:79:140":11,"b:79:104:79:123:79:123:79:140":12,"b:82:19:82:Infinity:83:20:85:Infinity":13,"b:87:19:87:Infinity:88:20:90:Infinity":14,"b:97:15:97:27:97:27:97:Infinity:98:16:103:Infinity":15}}}
,"D:\\civic-pulse\\lib\\assistant-utils.ts": {"path":"D:\\civic-pulse\\lib\\assistant-utils.ts","statementMap":{"0":{"start":{"line":4,"column":16},"end":{"line":4,"column":37}},"1":{"start":{"line":5,"column":2},"end":{"line":5,"column":null}},"2":{"start":{"line":5,"column":93},"end":{"line":5,"column":null}},"3":{"start":{"line":6,"column":2},"end":{"line":6,"column":null}},"4":{"start":{"line":6,"column":112},"end":{"line":6,"column":null}},"5":{"start":{"line":7,"column":2},"end":{"line":7,"column":null}},"6":{"start":{"line":7,"column":68},"end":{"line":7,"column":null}},"7":{"start":{"line":8,"column":2},"end":{"line":8,"column":null}},"8":{"start":{"line":8,"column":116},"end":{"line":8,"column":null}},"9":{"start":{"line":9,"column":2},"end":{"line":9,"column":null}},"10":{"start":{"line":13,"column":21},"end":{"line":13,"column":66}},"11":{"start":{"line":14,"column":22},"end":{"line":14,"column":50}},"12":{"start":{"line":15,"column":27},"end":{"line":15,"column":69}},"13":{"start":{"line":17,"column":16},"end":{"line":17,"column":null}},"14":{"start":{"line":18,"column":18},"end":{"line":18,"column":null}},"15":{"start":{"line":19,"column":30},"end":{"line":19,"column":null}},"16":{"start":{"line":21,"column":2},"end":{"line":27,"column":null}},"17":{"start":{"line":22,"column":4},"end":{"line":27,"column":null}},"18":{"start":{"line":23,"column":21},"end":{"line":23,"column":52}},"19":{"start":{"line":24,"column":6},"end":{"line":25,"column":null}},"20":{"start":{"line":25,"column":8},"end":{"line":25,"column":null}},"21":{"start":{"line":31,"column":2},"end":{"line":31,"column":null}}},"fnMap":{"0":{"name":"detectIntent","decl":{"start":{"line":3,"column":16},"end":{"line":3,"column":29}},"loc":{"start":{"line":3,"column":54},"end":{"line":9,"column":null}},"line":3},"1":{"name":"parseResponse","decl":{"start":{"line":12,"column":16},"end":{"line":12,"column":30}},"loc":{"start":{"line":12,"column":101},"end":{"line":31,"column":null}},"line":12}},"branchMap":{"0":{"loc":{"start":{"line":5,"column":2},"end":{"line":5,"column":null}},"type":"if","locations":[{"start":{"line":5,"column":2},"end":{"line":5,"column":null}},{"start":{},"end":{}}],"line":5},"1":{"loc":{"start":{"line":5,"column":6},"end":{"line":5,"column":91}},"type":"binary-expr","locations":[{"start":{"line":5,"column":6},"end":{"line":5,"column":30}},{"start":{"line":5,"column":34},"end":{"line":5,"column":59}},{"start":{"line":5,"column":63},"end":{"line":5,"column":91}}],"line":5},"2":{"loc":{"start":{"line":6,"column":2},"end":{"line":6,"column":null}},"type":"if","locations":[{"start":{"line":6,"column":2},"end":{"line":6,"column":null}},{"start":{},"end":{}}],"line":6},"3":{"loc":{"start":{"line":6,"column":6},"end":{"line":6,"column":110}},"type":"binary-expr","locations":[{"start":{"line":6,"column":6},"end":{"line":6,"column":32}},{"start":{"line":6,"column":36},"end":{"line":6,"column":58}},{"start":{"line":6,"column":62},"end":{"line":6,"column":84}},{"start":{"line":6,"column":88},"end":{"line":6,"column":110}}],"line":6},"4":{"loc":{"start":{"line":7,"column":2},"end":{"line":7,"column":null}},"type":"if","locations":[{"start":{"line":7,"column":2},"end":{"line":7,"column":null}},{"start":{},"end":{}}],"line":7},"5":{"loc":{"start":{"line":7,"column":6},"end":{"line":7,"column":66}},"type":"binary-expr","locations":[{"start":{"line":7,"column":6},"end":{"line":7,"column":32}},{"start":{"line":7,"column":36},"end":{"line":7,"column":66}}],"line":7},"6":{"loc":{"start":{"line":8,"column":2},"end":{"line":8,"column":null}},"type":"if","locations":[{"start":{"line":8,"column":2},"end":{"line":8,"column":null}},{"start":{},"end":{}}],"line":8},"7":{"loc":{"start":{"line":8,"column":6},"end":{"line":8,"column":114}},"type":"binary-expr","locations":[{"start":{"line":8,"column":6},"end":{"line":8,"column":31}},{"start":{"line":8,"column":35},"end":{"line":8,"column":57}},{"start":{"line":8,"column":61},"end":{"line":8,"column":84}},{"start":{"line":8,"column":88},"end":{"line":8,"column":114}}],"line":8},"8":{"loc":{"start":{"line":17,"column":16},"end":{"line":17,"column":null}},"type":"binary-expr","locations":[{"start":{"line":17,"column":16},"end":{"line":17,"column":39}},{"start":{"line":17,"column":43},"end":{"line":17,"column":null}}],"line":17},"9":{"loc":{"start":{"line":18,"column":18},"end":{"line":18,"column":null}},"type":"binary-expr","locations":[{"start":{"line":18,"column":18},"end":{"line":18,"column":49}},{"start":{"line":18,"column":49},"end":{"line":18,"column":null}}],"line":18},"10":{"loc":{"start":{"line":21,"column":2},"end":{"line":27,"column":null}},"type":"if","locations":[{"start":{"line":21,"column":2},"end":{"line":27,"column":null}},{"start":{},"end":{}}],"line":21},"11":{"loc":{"start":{"line":21,"column":6},"end":{"line":21,"column":47}},"type":"binary-expr","locations":[{"start":{"line":21,"column":6},"end":{"line":21,"column":26}},{"start":{"line":21,"column":26},"end":{"line":21,"column":47}}],"line":21},"12":{"loc":{"start":{"line":24,"column":6},"end":{"line":25,"column":null}},"type":"if","locations":[{"start":{"line":24,"column":6},"end":{"line":25,"column":null}},{"start":{},"end":{}}],"line":24},"13":{"loc":{"start":{"line":24,"column":10},"end":{"line":24,"column":54}},"type":"binary-expr","locations":[{"start":{"line":24,"column":10},"end":{"line":24,"column":31}},{"start":{"line":24,"column":35},"end":{"line":24,"column":54}}],"line":24}},"s":{"0":9,"1":9,"2":2,"3":7,"4":2,"5":5,"6":2,"7":3,"8":2,"9":1,"10":2,"11":2,"12":2,"13":2,"14":2,"15":2,"16":2,"17":1,"18":1,"19":1,"20":1,"21":2},"f":{"0":9,"1":2},"b":{"0":[2,7],"1":[9,8,8],"2":[2,5],"3":[7,6,5,5],"4":[2,3],"5":[5,4],"6":[2,1],"7":[3,3,2,1],"8":[2,1],"9":[2,1],"10":[1,1],"11":[2,1],"12":[1,0],"13":[1,1]},"meta":{"lastBranch":14,"lastFunction":2,"lastStatement":22,"seen":{"f:3:16:3:29":0,"s:4:16:4:37":0,"b:5:2:5:Infinity:undefined:undefined:undefined:undefined":0,"s:5:2:5:Infinity":1,"b:5:6:5:30:5:34:5:59:5:63:5:91":1,"s:5:93:5:Infinity":2,"b:6:2:6:Infinity:undefined:undefined:undefined:undefined":2,"s:6:2:6:Infinity":3,"b:6:6:6:32:6:36:6:58:6:62:6:84:6:88:6:110":3,"s:6:112:6:Infinity":4,"b:7:2:7:Infinity:undefined:undefined:undefined:undefined":4,"s:7:2:7:Infinity":5,"b:7:6:7:32:7:36:7:66":5,"s:7:68:7:Infinity":6,"b:8:2:8:Infinity:undefined:undefined:undefined:undefined":6,"s:8:2:8:Infinity":7,"b:8:6:8:31:8:35:8:57:8:61:8:84:8:88:8:114":7,"s:8:116:8:Infinity":8,"s:9:2:9:Infinity":9,"f:12:16:12:30":1,"s:13:21:13:66":10,"s:14:22:14:50":11,"s:15:27:15:69":12,"s:17:16:17:Infinity":13,"b:17:16:17:39:17:43:17:Infinity":8,"s:18:18:18:Infinity":14,"b:18:18:18:49:18:49:18:Infinity":9,"s:19:30:19:Infinity":15,"b:21:2:27:Infinity:undefined:undefined:undefined:undefined":10,"s:21:2:27:Infinity":16,"b:21:6:21:26:21:26:21:47":11,"s:22:4:27:Infinity":17,"s:23:21:23:52":18,"b:24:6:25:Infinity:undefined:undefined:undefined:undefined":12,"s:24:6:25:Infinity":19,"b:24:10:24:31:24:35:24:54":13,"s:25:8:25:Infinity":20,"s:31:2:31:Infinity":21}}}
,"D:\\civic-pulse\\lib\\constants.ts": {"path":"D:\\civic-pulse\\lib\\constants.ts","statementMap":{"0":{"start":{"line":3,"column":27},"end":{"line":9,"column":null}},"1":{"start":{"line":11,"column":48},"end":{"line":57,"column":null}},"2":{"start":{"line":59,"column":51},"end":{"line":102,"column":null}},"3":{"start":{"line":104,"column":28},"end":{"line":115,"column":null}}},"fnMap":{},"branchMap":{},"s":{"0":1,"1":1,"2":1,"3":1},"f":{},"b":{},"meta":{"lastBranch":0,"lastFunction":0,"lastStatement":4,"seen":{"s:3:27:9:Infinity":0,"s:11:48:57:Infinity":1,"s:59:51:102:Infinity":2,"s:104:28:115:Infinity":3}}}
,"D:\\civic-pulse\\lib\\utils.ts": {"path":"D:\\civic-pulse\\lib\\utils.ts","statementMap":{"0":{"start":{"line":5,"column":2},"end":{"line":5,"column":null}},"1":{"start":{"line":9,"column":2},"end":{"line":13,"column":null}},"2":{"start":{"line":17,"column":14},"end":{"line":17,"column":24}},"3":{"start":{"line":18,"column":17},"end":{"line":18,"column":37}},"4":{"start":{"line":19,"column":15},"end":{"line":19,"column":47}},"5":{"start":{"line":20,"column":2},"end":{"line":20,"column":null}},"6":{"start":{"line":20,"column":17},"end":{"line":20,"column":null}},"7":{"start":{"line":21,"column":15},"end":{"line":21,"column":55}},"8":{"start":{"line":22,"column":16},"end":{"line":22,"column":77}},"9":{"start":{"line":23,"column":2},"end":{"line":23,"column":null}},"10":{"start":{"line":23,"column":16},"end":{"line":23,"column":null}},"11":{"start":{"line":24,"column":15},"end":{"line":24,"column":66}},"12":{"start":{"line":25,"column":2},"end":{"line":25,"column":null}}},"fnMap":{"0":{"name":"cn","decl":{"start":{"line":4,"column":16},"end":{"line":4,"column":19}},"loc":{"start":{"line":4,"column":44},"end":{"line":5,"column":null}},"line":4},"1":{"name":"formatDate","decl":{"start":{"line":8,"column":16},"end":{"line":8,"column":27}},"loc":{"start":{"line":8,"column":56},"end":{"line":13,"column":null}},"line":8},"2":{"name":"getCountdown","decl":{"start":{"line":16,"column":16},"end":{"line":16,"column":29}},"loc":{"start":{"line":16,"column":57},"end":{"line":25,"column":null}},"line":16}},"branchMap":{"0":{"loc":{"start":{"line":20,"column":2},"end":{"line":20,"column":null}},"type":"if","locations":[{"start":{"line":20,"column":2},"end":{"line":20,"column":null}},{"start":{},"end":{}}],"line":20},"1":{"loc":{"start":{"line":23,"column":2},"end":{"line":23,"column":null}},"type":"if","locations":[{"start":{"line":23,"column":2},"end":{"line":23,"column":null}},{"start":{},"end":{}}],"line":23}},"s":{"0":60,"1":0,"2":0,"3":0,"4":0,"5":0,"6":0,"7":0,"8":0,"9":0,"10":0,"11":0,"12":0},"f":{"0":60,"1":0,"2":0},"b":{"0":[0,0],"1":[0,0]},"meta":{"lastBranch":2,"lastFunction":3,"lastStatement":13,"seen":{"f:4:16:4:19":0,"s:5:2:5:Infinity":0,"f:8:16:8:27":1,"s:9:2:13:Infinity":1,"f:16:16:16:29":2,"s:17:14:17:24":2,"s:18:17:18:37":3,"s:19:15:19:47":4,"b:20:2:20:Infinity:undefined:undefined:undefined:undefined":0,"s:20:2:20:Infinity":5,"s:20:17:20:Infinity":6,"s:21:15:21:55":7,"s:22:16:22:77":8,"b:23:2:23:Infinity:undefined:undefined:undefined:undefined":1,"s:23:2:23:Infinity":9,"s:23:16:23:Infinity":10,"s:24:15:24:66":11,"s:25:2:25:Infinity":12}}}
}
